mode: set
msu-go-11/6/05_http/handlers/todos.go:11.70,16.18 3 1
msu-go-11/6/05_http/handlers/todos.go:17.22,21.24 4 1
msu-go-11/6/05_http/handlers/todos.go:22.23,27.17 4 0
msu-go-11/6/05_http/handlers/todos.go:32.3,32.36 1 0
msu-go-11/6/05_http/handlers/todos.go:33.22,36.32 3 0
msu-go-11/6/05_http/handlers/todos.go:37.10,38.45 1 0
msu-go-11/6/05_http/handlers/todos.go:27.17,31.4 3 0
msu-go-11/6/05_http/handlers/index.go:9.70,11.16 2 0
msu-go-11/6/05_http/handlers/index.go:17.2,17.23 1 0
msu-go-11/6/05_http/handlers/index.go:11.16,15.3 3 0
